<?xml version="1.0" encoding="UTF-8"?>
<!-- Generated by org.testng.reporters.JUnitReportReporter -->
<testsuite skipped="0" hostname="Admin-PC" name="com.qa.automation.SimpleTests" tests="3" failures="0" timestamp="26 Aug 2019 08:35:18 GMT" time="0.007" errors="0">
  <testcase name="test3" time="0.000" classname="com.qa.automation.SimpleTests"/>
  <testcase name="test1" time="0.007" classname="com.qa.automation.SimpleTests"/>
  <testcase name="test2" time="0.000" classname="com.qa.automation.SimpleTests"/>
</testsuite> <!-- com.qa.automation.SimpleTests -->
